0 info it worked if it ends with ok
1 verbose cli [ 'node', '/Users/tyson/.nvm/v0.10.24/bin/npm', 'publish' ]
2 info using npm@2.7.5
3 info using node@v0.10.24
4 verbose publish [ '.' ]
5 silly cache add args [ '.', null ]
6 verbose cache add spec .
7 silly cache add parsed spec { raw: '.',
7 silly cache add   scope: null,
7 silly cache add   name: null,
7 silly cache add   rawSpec: '.',
7 silly cache add   spec: '/Users/tyson/Sites/sandbox/mock_turtle',
7 silly cache add   type: 'directory' }
8 verbose addLocalDirectory /Users/tyson/.npm/mock_turtle/1.0.0/package.tgz not in flight; packing
9 verbose tar pack [ '/Users/tyson/.npm/mock_turtle/1.0.0/package.tgz',
9 verbose tar pack   '/Users/tyson/Sites/sandbox/mock_turtle' ]
10 verbose tarball /Users/tyson/.npm/mock_turtle/1.0.0/package.tgz
11 verbose folder /Users/tyson/Sites/sandbox/mock_turtle
12 info prepublish mock_turtle@1.0.0
13 verbose addLocalTarball adding from inside cache /Users/tyson/.npm/mock_turtle/1.0.0/package.tgz
14 silly cache afterAdd mock_turtle@1.0.0
15 verbose afterAdd /Users/tyson/.npm/mock_turtle/1.0.0/package/package.json not in flight; writing
16 verbose afterAdd /Users/tyson/.npm/mock_turtle/1.0.0/package/package.json written
17 silly publish { name: 'mock_turtle',
17 silly publish   version: '1.0.0',
17 silly publish   description: 'Mock commonjs modules for better unit testing',
17 silly publish   main: 'lib/mockturtle.js',
17 silly publish   scripts: { test: 'mocha test' },
17 silly publish   author: { name: 'Tyson Cadenhead' },
17 silly publish   license: 'MIT',
17 silly publish   devDependencies: { assert: '^1.3.0' },
17 silly publish   readme: '# MockTurtle\n\n### Dependency injection for unit testing CommonJS modules.\n\nMockTurtle is a small library for unit testing CommonJS modules in isolation of each other. With MockTurtle, you can write your modules like you normally would, but when you write your tests, you will import your modules using the `MockTurtle()` function instead of `require()`. MockTurtle works with any testing framework that runs in Node.\n\n## Installing\n\n`npm install mockturtle --save-dev`\n\n## API\n\n`MockTurtle()` accepts three parameters: a string representing the path to your file that you want to require, an object with all of your mocked out dependencies to get injected into the module and the `__dirname` of the file. The `__dirname` is used behind the scenes to resolve the module, so it is often very important to remember. Again, the API is:\n\n`MockTurtle(moduleName :string, resolverObect :object, __dirname :string);`\n\nIn practice, it might work like this. Let\'s say you have a module called "Car" that includes a dependency called "Engine".\n\n*car.js*\n\n```\nvar Engine = require(\'./engine\');\n\nfunction Car (type) {\n    this.engine = new Engine(type);\n}\n\nmodule.exports = Car;\n```\n\n*engine.js*\n```\nfunction Engine (carType) {\n    this.name = carType + \' engine\';\n}\n\nmodule.exports = Engine;\n\n```\n\nTypically, if we required `car.js`, the `new Car(\'truck\').engine.name` string would be set to "truck engine". However, with MockTurtle, we can do this:\n\n\n```\nvar MockTurtle = require(\'mockturtle\'),\n\nvar Car = MockTurtle(\'./car\', {\n        \'./engine\': function () {\n            this.name = \'Mocked up engine\';\n        }\n    }, __dirname);\n\nconsole.log(new Car(\'truck\').engine.name);\n```\n\nand the value will be set to "Mocked up engine" because that is what we injected.\n\nMockTurtle will replace all of your module dependencies with empty functions by default, so it is up to you to either fill in the pieces by injecting the actual real modules in the test, or create mocks of the dependencies to test with.\n\n## License\n\nMockTurtle is released under The [MIT License](http://www.opensource.org/licenses/MIT) (MIT)\n\nCopyright (c) [2015]\n\nPermission is hereby granted, free of charge, to any person obtaining a copy\nof this software and associated documentation files (the "Software"), to deal\nin the Software without restriction, including without limitation the rights\nto use, copy, modify, merge, publish, distribute, sublicense, and/or sell\ncopies of the Software, and to permit persons to whom the Software is\nfurnished to do so, subject to the following conditions:\n\nThe above copyright notice and this permission notice shall be included in all\ncopies or substantial portions of the Software.\n\nTHE SOFTWARE IS PROVIDED "AS IS", WITHOUT WARRANTY OF ANY KIND, EXPRESS OR IMPLIED, INCLUDING BUT NOT LIMITED TO THE WARRANTIES OF MERCHANTABILITY, FITNESS FOR A PARTICULAR PURPOSE AND NONINFRINGEMENT. IN NO EVENT SHALL THE AUTHORS OR COPYRIGHT HOLDERS BE LIABLE FOR ANY CLAIM, DAMAGES OR OTHER LIABILITY, WHETHER IN AN ACTION OF CONTRACT, TORT OR OTHERWISE, ARISING FROM,\nOUT OF OR IN CONNECTION WITH THE SOFTWARE OR THE USE OR OTHER DEALINGS IN THE SOFTWARE.\n',
17 silly publish   readmeFilename: 'README.md',
17 silly publish   gitHead: 'ed9fb13fe4fea8dd7ef7a59a55ff2dbe5e94a9f3',
17 silly publish   _id: 'mock_turtle@1.0.0',
17 silly publish   _shasum: 'a85c163a62400b5686298606bcd55b54831911dd',
17 silly publish   _from: '.' }
18 silly mapToRegistry name mock_turtle
19 silly mapToRegistry using default registry
20 silly mapToRegistry registry https://registry.npmjs.org/
21 silly mapToRegistry uri https://registry.npmjs.org/mock_turtle
22 verbose publish registryBase https://registry.npmjs.org/
23 silly publish uploading /Users/tyson/.npm/mock_turtle/1.0.0/package.tgz
24 verbose request uri https://registry.npmjs.org/mock_turtle
25 verbose request sending authorization for write operation
26 info attempt registry request try #1 at 21:36:07
27 verbose request id 522eb4b1d8e8ed06
28 http request PUT https://registry.npmjs.org/mock_turtle
29 http 500 https://registry.npmjs.org/mock_turtle
30 info retry will retry, error on last attempt: Error: unexpected status code: 401 : mock_turtle
31 info attempt registry request try #2 at 21:36:18
32 http request PUT https://registry.npmjs.org/mock_turtle
33 http 500 https://registry.npmjs.org/mock_turtle
34 info retry will retry, error on last attempt: Error: unexpected status code: 401 : mock_turtle
35 info attempt registry request try #3 at 21:37:19
36 http request PUT https://registry.npmjs.org/mock_turtle
37 http 500 https://registry.npmjs.org/mock_turtle
38 verbose headers { 'content-type': 'application/json',
38 verbose headers   'cache-control': 'max-age=0',
38 verbose headers   'content-length': '39',
38 verbose headers   'accept-ranges': 'bytes',
38 verbose headers   date: 'Sun, 07 Jun 2015 02:30:41 GMT',
38 verbose headers   via: '1.1 varnish',
38 verbose headers   connection: 'keep-alive',
38 verbose headers   'x-served-by': 'cache-dfw1829-DFW',
38 verbose headers   'x-cache': 'MISS',
38 verbose headers   'x-cache-hits': '0',
38 verbose headers   'x-timer': 'S1433644240.953818,VS0,VE534' }
39 verbose request invalidating /Users/tyson/.npm/registry.npmjs.org/mock_turtle on PUT
40 error publish Failed PUT 500
41 verbose stack Error: unexpected status code: 401 : mock_turtle
41 verbose stack     at CachingRegistryClient.<anonymous> (/Users/tyson/.nvm/v0.10.24/lib/node_modules/npm/node_modules/npm-registry-client/lib/request.js:247:14)
41 verbose stack     at Request._callback (/Users/tyson/.nvm/v0.10.24/lib/node_modules/npm/node_modules/npm-registry-client/lib/request.js:170:14)
41 verbose stack     at Request.self.callback (/Users/tyson/.nvm/v0.10.24/lib/node_modules/npm/node_modules/request/request.js:360:22)
41 verbose stack     at Request.EventEmitter.emit (events.js:98:17)
41 verbose stack     at Request.<anonymous> (/Users/tyson/.nvm/v0.10.24/lib/node_modules/npm/node_modules/request/request.js:1202:14)
41 verbose stack     at Request.EventEmitter.emit (events.js:117:20)
41 verbose stack     at IncomingMessage.<anonymous> (/Users/tyson/.nvm/v0.10.24/lib/node_modules/npm/node_modules/request/request.js:1150:12)
41 verbose stack     at IncomingMessage.EventEmitter.emit (events.js:117:20)
41 verbose stack     at _stream_readable.js:920:16
41 verbose stack     at process._tickCallback (node.js:415:13)
42 verbose statusCode 500
43 verbose pkgid mock_turtle
44 verbose cwd /Users/tyson/Sites/sandbox/mock_turtle
45 error Darwin 14.1.0
46 error argv "node" "/Users/tyson/.nvm/v0.10.24/bin/npm" "publish"
47 error node v0.10.24
48 error npm  v2.7.5
49 error code E500
50 error unexpected status code: 401 : mock_turtle
51 error If you need help, you may report this error at:
51 error     <https://github.com/npm/npm/issues>
52 verbose exit [ 1, true ]
